Reading netlist file: "C:\Users\PABLO-LAP-LENOVO\Documents\gti programing projects\hdl\Riscv\RiscV_harris_9k_v3\RISCV_harris_9k\impl\gwsynthesis\RISCV_harris_9k.vg"
Parsing netlist file "C:\Users\PABLO-LAP-LENOVO\Documents\gti programing projects\hdl\Riscv\RiscV_harris_9k_v3\RISCV_harris_9k\impl\gwsynthesis\RISCV_harris_9k.vg" completed
Processing netlist completed
Reading constraint file: "C:\Users\PABLO-LAP-LENOVO\Documents\gti programing projects\hdl\Riscv\RiscV_harris_9k_v3\RISCV_harris_9k\src\RISC_V_harris.cst"
Physical Constraint parsed completed
Running placement......
[10%] Placement Phase 0 completed
[20%] Placement Phase 1 completed
[30%] Placement Phase 2 completed
[50%] Placement Phase 3 completed
Running routing......
[60%] Routing Phase 0 completed
[70%] Routing Phase 1 completed
[80%] Routing Phase 2 completed
[90%] Routing Phase 3 completed
Running timing analysis......
[95%] Timing analysis completed
Placement and routing completed
Bitstream generation in progress......
Bitstream generation completed
Running power analysis......
[100%] Power analysis completed
Generate file "C:\Users\PABLO-LAP-LENOVO\Documents\gti programing projects\hdl\Riscv\RiscV_harris_9k_v3\RISCV_harris_9k\impl\pnr\RISCV_harris_9k.power.html" completed
Generate file "C:\Users\PABLO-LAP-LENOVO\Documents\gti programing projects\hdl\Riscv\RiscV_harris_9k_v3\RISCV_harris_9k\impl\pnr\RISCV_harris_9k.pin.html" completed
Generate file "C:\Users\PABLO-LAP-LENOVO\Documents\gti programing projects\hdl\Riscv\RiscV_harris_9k_v3\RISCV_harris_9k\impl\pnr\RISCV_harris_9k.rpt.html" completed
Generate file "C:\Users\PABLO-LAP-LENOVO\Documents\gti programing projects\hdl\Riscv\RiscV_harris_9k_v3\RISCV_harris_9k\impl\pnr\RISCV_harris_9k.rpt.txt" completed
Generate file "C:\Users\PABLO-LAP-LENOVO\Documents\gti programing projects\hdl\Riscv\RiscV_harris_9k_v3\RISCV_harris_9k\impl\pnr\RISCV_harris_9k.tr.html" completed
Wed Aug 20 08:10:37 2025

